<?xml version="1.0" encoding="UTF-8"?>
<!-- Generated by org.testng.reporters.JUnitReportReporter -->
<testsuite hostname="DESKTOP-0L4PE2V" failures="0" tests="1" name="com.automation.steps.AppTest" time="0.002" errors="0" timestamp="2023-09-18T12:27:33 IST" skipped="0">
  <testcase classname="com.automation.steps.AppTest" name="testApp" time="0.002"/>
  <system-out/>
</testsuite> <!-- com.automation.steps.AppTest -->
